[6.639s] Invoking command in '/root/ros2_ws/src/mypkg': PYTHONPATH=/root/ros2_ws/src/mypkg/install/mypkg/lib/python3.10/site-packages:${PYTHONPATH} /usr/bin/python3 setup.py egg_info --egg-base build/mypkg build --build-base /root/ros2_ws/src/mypkg/build/mypkg/build install --prefix /root/ros2_ws/src/mypkg/install/mypkg --record /root/ros2_ws/src/mypkg/build/mypkg/install.log --single-version-externally-managed
[7.315s] running egg_info
[7.317s] writing build/mypkg/mypkg.egg-info/PKG-INFO
[7.327s] writing dependency_links to build/mypkg/mypkg.egg-info/dependency_links.txt
[7.332s] writing entry points to build/mypkg/mypkg.egg-info/entry_points.txt
[7.333s] writing requirements to build/mypkg/mypkg.egg-info/requires.txt
[7.336s] writing top-level names to build/mypkg/mypkg.egg-info/top_level.txt
[7.346s] reading manifest file 'build/mypkg/mypkg.egg-info/SOURCES.txt'
[7.351s] writing manifest file 'build/mypkg/mypkg.egg-info/SOURCES.txt'
[7.352s] running build
[7.352s] running build_py
[7.353s] copying mypkg/talker.py -> /root/ros2_ws/src/mypkg/build/mypkg/build/lib/mypkg
[7.355s] running install
[7.355s] /usr/lib/python3/dist-packages/setuptools/command/install.py:34: SetuptoolsDeprecationWarning: setup.py install is deprecated. Use build and pip and other standards-based tools.
[7.355s]   warnings.warn(
[7.356s] running install_lib
[7.361s] copying /root/ros2_ws/src/mypkg/build/mypkg/build/lib/mypkg/talker.py -> /root/ros2_ws/src/mypkg/install/mypkg/lib/python3.10/site-packages/mypkg
[7.364s] byte-compiling /root/ros2_ws/src/mypkg/install/mypkg/lib/python3.10/site-packages/mypkg/talker.py to talker.cpython-310.pyc
[7.374s] running install_data
[7.376s] running install_egg_info
[7.380s] removing '/root/ros2_ws/src/mypkg/install/mypkg/lib/python3.10/site-packages/mypkg-0.0.0-py3.10.egg-info' (and everything under it)
[7.386s] Copying build/mypkg/mypkg.egg-info to /root/ros2_ws/src/mypkg/install/mypkg/lib/python3.10/site-packages/mypkg-0.0.0-py3.10.egg-info
[7.392s] running install_scripts
[7.440s] Installing talker script to /root/ros2_ws/src/mypkg/install/mypkg/lib/mypkg
[7.441s] writing list of installed files to '/root/ros2_ws/src/mypkg/build/mypkg/install.log'
[7.497s] Invoked command in '/root/ros2_ws/src/mypkg' returned '0': PYTHONPATH=/root/ros2_ws/src/mypkg/install/mypkg/lib/python3.10/site-packages:${PYTHONPATH} /usr/bin/python3 setup.py egg_info --egg-base build/mypkg build --build-base /root/ros2_ws/src/mypkg/build/mypkg/build install --prefix /root/ros2_ws/src/mypkg/install/mypkg --record /root/ros2_ws/src/mypkg/build/mypkg/install.log --single-version-externally-managed
