[1.367s] Invoking command in '/root/ros2_ws/src/mypkg': PYTHONPATH=/root/ros2_ws/src/mypkg/install/mypkg/lib/python3.10/site-packages:${PYTHONPATH} /usr/bin/python3 setup.py egg_info --egg-base build/mypkg build --build-base /root/ros2_ws/src/mypkg/build/mypkg/build install --prefix /root/ros2_ws/src/mypkg/install/mypkg --record /root/ros2_ws/src/mypkg/build/mypkg/install.log --single-version-externally-managed
[1.606s] running egg_info
[1.606s] creating build/mypkg/mypkg.egg-info
[1.606s] writing build/mypkg/mypkg.egg-info/PKG-INFO
[1.608s] writing dependency_links to build/mypkg/mypkg.egg-info/dependency_links.txt
[1.609s] writing entry points to build/mypkg/mypkg.egg-info/entry_points.txt
[1.610s] writing requirements to build/mypkg/mypkg.egg-info/requires.txt
[1.611s] writing top-level names to build/mypkg/mypkg.egg-info/top_level.txt
[1.612s] writing manifest file 'build/mypkg/mypkg.egg-info/SOURCES.txt'
[1.614s] reading manifest file 'build/mypkg/mypkg.egg-info/SOURCES.txt'
[1.615s] writing manifest file 'build/mypkg/mypkg.egg-info/SOURCES.txt'
[1.616s] running build
[1.616s] running build_py
[1.616s] creating /root/ros2_ws/src/mypkg/build/mypkg/build
[1.617s] creating /root/ros2_ws/src/mypkg/build/mypkg/build/lib
[1.617s] creating /root/ros2_ws/src/mypkg/build/mypkg/build/lib/mypkg
[1.618s] copying mypkg/talker.py -> /root/ros2_ws/src/mypkg/build/mypkg/build/lib/mypkg
[1.619s] copying mypkg/listener.py -> /root/ros2_ws/src/mypkg/build/mypkg/build/lib/mypkg
[1.620s] copying mypkg/__init__.py -> /root/ros2_ws/src/mypkg/build/mypkg/build/lib/mypkg
[1.620s] running install
[1.621s] /usr/lib/python3/dist-packages/setuptools/command/install.py:34: SetuptoolsDeprecationWarning: setup.py install is deprecated. Use build and pip and other standards-based tools.
[1.621s]   warnings.warn(
[1.621s] running install_lib
[1.622s] creating /root/ros2_ws/src/mypkg/install/mypkg/lib/python3.10/site-packages/mypkg
[1.622s] copying /root/ros2_ws/src/mypkg/build/mypkg/build/lib/mypkg/talker.py -> /root/ros2_ws/src/mypkg/install/mypkg/lib/python3.10/site-packages/mypkg
[1.623s] copying /root/ros2_ws/src/mypkg/build/mypkg/build/lib/mypkg/listener.py -> /root/ros2_ws/src/mypkg/install/mypkg/lib/python3.10/site-packages/mypkg
[1.624s] copying /root/ros2_ws/src/mypkg/build/mypkg/build/lib/mypkg/__init__.py -> /root/ros2_ws/src/mypkg/install/mypkg/lib/python3.10/site-packages/mypkg
[1.625s] byte-compiling /root/ros2_ws/src/mypkg/install/mypkg/lib/python3.10/site-packages/mypkg/talker.py to talker.cpython-310.pyc
[1.626s] byte-compiling /root/ros2_ws/src/mypkg/install/mypkg/lib/python3.10/site-packages/mypkg/listener.py to listener.cpython-310.pyc
[1.627s] byte-compiling /root/ros2_ws/src/mypkg/install/mypkg/lib/python3.10/site-packages/mypkg/__init__.py to __init__.cpython-310.pyc
[1.628s] running install_data
[1.629s] creating /root/ros2_ws/src/mypkg/install/mypkg/share/ament_index
[1.630s] creating /root/ros2_ws/src/mypkg/install/mypkg/share/ament_index/resource_index
[1.630s] creating /root/ros2_ws/src/mypkg/install/mypkg/share/ament_index/resource_index/packages
[1.630s] copying resource/mypkg -> /root/ros2_ws/src/mypkg/install/mypkg/share/ament_index/resource_index/packages
[1.631s] copying package.xml -> /root/ros2_ws/src/mypkg/install/mypkg/share/mypkg
[1.631s] copying launch/talk_listen.launch.py -> /root/ros2_ws/src/mypkg/install/mypkg/share/mypkg
[1.631s] running install_egg_info
[1.634s] Copying build/mypkg/mypkg.egg-info to /root/ros2_ws/src/mypkg/install/mypkg/lib/python3.10/site-packages/mypkg-0.0.0-py3.10.egg-info
[1.641s] running install_scripts
[1.661s] Installing talker script to /root/ros2_ws/src/mypkg/install/mypkg/lib/mypkg
[1.663s] writing list of installed files to '/root/ros2_ws/src/mypkg/build/mypkg/install.log'
[1.691s] Invoked command in '/root/ros2_ws/src/mypkg' returned '0': PYTHONPATH=/root/ros2_ws/src/mypkg/install/mypkg/lib/python3.10/site-packages:${PYTHONPATH} /usr/bin/python3 setup.py egg_info --egg-base build/mypkg build --build-base /root/ros2_ws/src/mypkg/build/mypkg/build install --prefix /root/ros2_ws/src/mypkg/install/mypkg --record /root/ros2_ws/src/mypkg/build/mypkg/install.log --single-version-externally-managed
